
                            < M A T L A B (R) >
                  Copyright 1984-2017 The MathWorks, Inc.
                   R2017b (9.3.0.713579) 64-bit (glnxa64)
                             September 14, 2017

 
To get started, type one of these: helpwin, helpdesk, or demo.
For product information, visit www.mathworks.com.
 
Deamon started on 01-Jul-2019 18:26:42
01-Jul-2019 18:26:42 Starting the pipeline manager...
01-Jul-2019 18:26:42 Starting the garbage collector...
01-Jul-2019 18:26:42 Starting worker number 1...
01-Jul-2019 18:26:42 Starting worker number 2...
01-Jul-2019 18:26:42 Starting worker number 3...
01-Jul-2019 18:26:42 Starting worker number 4...
01-Jul-2019 18:26:42 Starting worker number 5...
01-Jul-2019 18:26:42 Starting worker number 6...
01-Jul-2019 18:26:42 Starting worker number 7...
01-Jul-2019 18:26:43 Starting worker number 8...
01-Jul-2019 18:26:43 Starting worker number 9...
01-Jul-2019 18:26:43 Starting worker number 10...
01-Jul-2019 18:26:43 Starting worker number 11...
01-Jul-2019 18:26:43 Starting worker number 12...
01-Jul-2019 18:26:43 Starting worker number 13...
01-Jul-2019 18:26:43 Starting worker number 14...
01-Jul-2019 18:26:43 Starting worker number 15...
Deamon terminated on 01-Jul-2019 18:27:52
